<?xml version="1.0" encoding="UTF-8"?>
<testsuite xmlns:xsi="http://www.w3.org/2001/XMLSchema-instance" xsi:noNamespaceSchemaLocation="https://maven.apache.org/surefire/maven-surefire-plugin/xsd/surefire-test-report.xsd" name="TrocoTest" time="0" tests="5" errors="3" skipped="0" failures="0">
  <properties>
[...]
</properties>
  <testcase name="checkQuantityOfBankNotesInTroco" classname="TrocoTest" time="0">
    <error message="Cannot invoke &quot;core.PapelMoeda.getQuantidade()&quot; because &quot;papelMoeda&quot; is null" type="java.lang.NullPointerException">java.lang.NullPointerException: Cannot invoke "core.PapelMoeda.getQuantidade()" because "papelMoeda" is null
	at TrocoTest.checkQuantityOfBankNotesInTroco(TrocoTest.java:41)
</error>
  </testcase>
  <testcase name="checkSuccessTrocoContructor" classname="TrocoTest" time="0"/>
  <testcase name="checkSuccessTrocoIteratorConstructor" classname="TrocoTest" time="0"/>
  <testcase name="checkInvalidBankNote" classname="TrocoTest" time="0">
    <error message="Cannot invoke &quot;core.PapelMoeda.getQuantidade()&quot; because &quot;papelMoeda&quot; is null" type="java.lang.NullPointerException">java.lang.NullPointerException: Cannot invoke "core.PapelMoeda.getQuantidade()" because "papelMoeda" is null
	at TrocoTest.checkInvalidBankNote(TrocoTest.java:90)
</error>
  </testcase>
  <testcase name="checkTrocoWithOnlyBankNote100" classname="TrocoTest" time="0">
    <error message="Cannot invoke &quot;core.PapelMoeda.getQuantidade()&quot; because &quot;papelMoeda&quot; is null" type="java.lang.NullPointerException">java.lang.NullPointerException: Cannot invoke "core.PapelMoeda.getQuantidade()" because "papelMoeda" is null
	at TrocoTest.checkTrocoWithOnlyBankNote100(TrocoTest.java:66)
</error>
  </testcase>
</testsuite>