<?xml version="1.0" encoding="UTF-8"?>
<testsuite xmlns:xsi="http://www.w3.org/2001/XMLSchema-instance" xsi:noNamespaceSchemaLocation="https://maven.apache.org/surefire/maven-surefire-plugin/xsd/surefire-test-report.xsd" name="TicketMachineTest" time="0.001" tests="7" errors="0" skipped="0" failures="2">
  <properties>
[...]
</properties>
  <testcase name="chackTicketMachineConstructorSuccess" classname="TicketMachineTest" time="0"/>
  <testcase name="checkInsertBankNoteSuccess" classname="TicketMachineTest" time="0"/>
  <testcase name="checkImprimirException" classname="TicketMachineTest" time="0"/>
  <testcase name="checkPrintSuccess" classname="TicketMachineTest" time="0"/>
  <testcase name="checkInsertBankNoteException" classname="TicketMachineTest" time="0"/>
  <testcase name="checkGetTrocoSuccess" classname="TicketMachineTest" time="0.001">
    <failure message="expected:&lt;10&gt; but was:&lt;core.Troco$TrocoIterator@6d00a15d&gt;" type="java.lang.AssertionError"><![CDATA[java.lang.AssertionError: expected:<10> but was:<core.Troco$TrocoIterator@6d00a15d>
	at TicketMachineTest.checkGetTrocoSuccess(TicketMachineTest.java:103)
]]></failure>
  </testcase>
  <testcase name="checkGetTrocoFail" classname="TicketMachineTest" time="0">
    <failure message="expected:&lt;11&gt; but was:&lt;core.Troco$TrocoIterator@7823a2f9&gt;" type="java.lang.AssertionError"><![CDATA[java.lang.AssertionError: expected:<11> but was:<core.Troco$TrocoIterator@7823a2f9>
	at TicketMachineTest.checkGetTrocoFail(TicketMachineTest.java:118)
]]></failure>
  </testcase>
</testsuite>